#
# There is insufficient memory for the Java Runtime Environment to continue.
# Native memory allocation (malloc) failed to allocate 524288 bytes for AllocateHeap
# Possible reasons:
#   The system is out of physical RAM or swap space
#   The process is running with CompressedOops enabled, and the Java Heap may be blocking the growth of the native heap
# Possible solutions:
#   Reduce memory load on the system
#   Increase physical memory or swap space
#   Check if swap backing store is full
#   Decrease Java heap size (-Xmx/-Xms)
#   Decrease number of Java threads
#   Decrease Java thread stack sizes (-Xss)
#   Set larger code cache with -XX:ReservedCodeCacheSize=
#   JVM is running with Unscaled Compressed Oops mode in which the Java heap is
#     placed in the first 4GB address space. The Java Heap base address is the
#     maximum limit for the native heap growth. Please use -XX:HeapBaseMinAddress
#     to set the Java Heap base and to place the Java Heap above 4GB virtual address.
# This output file may be truncated or incomplete.
#
#  Out of Memory Error (./open/src/hotspot/share/memory/allocation.cpp:46), pid=16796, tid=16248
#
# JRE version:  (11.0.16.1+1) (build )
# Java VM: Java HotSpot(TM) 64-Bit Server VM (11.0.16.1+1-LTS-1, mixed mode, tiered, compressed oops, g1 gc, windows-amd64)
# No core dump will be written. Minidumps are not enabled by default on client versions of Windows
#

---------------  S U M M A R Y ------------

Command Line: -javaagent:C:\Users\ASUS\IntelliJ IDEA Community Edition 2022.3\lib\idea_rt.jar=58182:C:\Users\ASUS\IntelliJ IDEA Community Edition 2022.3\bin -Dfile.encoding=UTF-8 Main

Host: AMD Ryzen 5 3500U with Radeon Vega Mobile Gfx  , 8 cores, 5G,  Windows 10 , 64 bit Build 19041 (10.0.19041.2251)
If_Ifelse.Time: Tue Dec  6 13:12:27 2022  Windows 10 , 64 bit Build 19041 (10.0.19041.2251) elapsed time: 0.030479 seconds (0d 0h 0m 0s)

---------------  T H R E A D  ---------------

Current thread (0x0000012abd7e3800):  JavaThread "Unknown thread" [_thread_in_vm, id=16248, stack(0x0000000829700000,0x0000000829800000)]

Stack: [0x0000000829700000,0x0000000829800000]
Native frames: (J=compiled Java code, j=interpreted, Vv=VM code, C=native code)
V  [jvm.dll+0x62a3da]
V  [jvm.dll+0x76407f]
V  [jvm.dll+0x765729]
V  [jvm.dll+0x765db3]
V  [jvm.dll+0x23dc18]
V  [jvm.dll+0xb1494]
V  [jvm.dll+0x6bce12]
V  [jvm.dll+0x6bcda7]
V  [jvm.dll+0x6bcf1a]
V  [jvm.dll+0x73da72]
V  [jvm.dll+0x74013e]
V  [jvm.dll+0x346f09]
V  [jvm.dll+0x723f50]
V  [jvm.dll+0x3b5aef]
V  [jvm.dll+0x3b7c01]
C  [jli.dll+0x5207]
C  [ucrtbase.dll+0x21bb2]
C  [KERNEL32.DLL+0x174b4]
C  [ntdll.dll+0x526a1]


---------------  P R O C E S S  ---------------

Threads class SMR info:
_java_thread_list=0x0000012abbe5a500, length=0, elements={
}

Java Threads: ( => current thread )

Other Threads:
  0x0000012abd7fa800 GCTaskThread "GC Thread#0" [stack: 0x0000000829800000,0x0000000829900000] [id=13220]
  0x0000012abd821000 ConcurrentGCThread "G1 Main Marker" [stack: 0x0000000829900000,0x0000000829a00000] [id=16736]
  0x0000012abd822800 ConcurrentGCThread "G1 Conc#0" [stack: 0x0000000829a00000,0x0000000829b00000] [id=7544]
  0x0000012abd8ad000 ConcurrentGCThread "G1 Refine#0" [stack: 0x0000000829b00000,0x0000000829c00000] [id=11620]
  0x0000012abd8ae000 ConcurrentGCThread "G1 Young RemSet Sampling" [stack: 0x0000000829c00000,0x0000000829d00000] [id=14368]

=>0x0000012abd7e3800 (exited) JavaThread "Unknown thread" [_thread_in_vm, id=16248, stack(0x0000000829700000,0x0000000829800000)]

Threads with active compile tasks:

VM state:not at safepoint (not fully initialized)

VM Mutex/Monitor currently owned by a thread: None

Heap address: 0x00000000a0c00000, size: 1524 MB, Compressed Oops mode: 32-bit
Narrow klass base: 0x0000000000000000, Narrow klass shift: 3
Compressed class space size: 1073741824 Address: 0x0000000100000000

GC Heap History (0 events):
No events

Deoptimization events (0 events):
No events

Classes redefined (0 events):
No events

Internal exceptions (0 events):
No events

Events (0 events):
No events


Dynamic libraries:
0x00007ff6bf490000 - 0x00007ff6bf49f000 	C:\Program Files\jdk-11.0.16.1\bin\java.exe
0x00007ffacf930000 - 0x00007ffacfb28000 	C:\WINDOWS\SYSTEM32\ntdll.dll
0x00007fface880000 - 0x00007fface93f000 	C:\WINDOWS\System32\KERNEL32.DLL
0x00007ffacd500000 - 0x00007ffacd7d2000 	C:\WINDOWS\System32\KERNELBASE.dll
0x00007ffacd2a0000 - 0x00007ffacd3a0000 	C:\WINDOWS\System32\ucrtbase.dll
0x00007ffac6260000 - 0x00007ffac6278000 	C:\Program Files\jdk-11.0.16.1\bin\jli.dll
0x00007ffac67a0000 - 0x00007ffac67b5000 	C:\Program Files\jdk-11.0.16.1\bin\VCRUNTIME140.dll
0x00007ffacdaa0000 - 0x00007ffacdb4e000 	C:\WINDOWS\System32\ADVAPI32.dll
0x00007fface570000 - 0x00007fface60e000 	C:\WINDOWS\System32\msvcrt.dll
0x00007ffaceeb0000 - 0x00007ffacef4c000 	C:\WINDOWS\System32\sechost.dll
0x00007fface750000 - 0x00007fface875000 	C:\WINDOWS\System32\RPCRT4.dll
0x00007ffacdff0000 - 0x00007fface18d000 	C:\WINDOWS\System32\USER32.dll
0x00007ffacd100000 - 0x00007ffacd122000 	C:\WINDOWS\System32\win32u.dll
0x00007ffacdfc0000 - 0x00007ffacdfeb000 	C:\WINDOWS\System32\GDI32.dll
0x00007ffacd7e0000 - 0x00007ffacd8ef000 	C:\WINDOWS\System32\gdi32full.dll
0x00007ffabd3e0000 - 0x00007ffabd67a000 	C:\WINDOWS\WinSxS\amd64_microsoft.windows.common-controls_6595b64144ccf1df_6.0.19041.1110_none_60b5254171f9507e\COMCTL32.dll
0x00007ffacd030000 - 0x00007ffacd0cd000 	C:\WINDOWS\System32\msvcp_win.dll
0x00007ffac6810000 - 0x00007ffac681a000 	C:\WINDOWS\SYSTEM32\VERSION.dll
0x00007ffacdc90000 - 0x00007ffacdcc2000 	C:\WINDOWS\System32\IMM32.DLL
0x00007ffac3580000 - 0x00007ffac361b000 	C:\Program Files\jdk-11.0.16.1\bin\msvcp140.dll
0x00007ffa768c0000 - 0x00007ffa773d8000 	C:\Program Files\jdk-11.0.16.1\bin\server\jvm.dll
0x00007ffaceea0000 - 0x00007ffaceea8000 	C:\WINDOWS\System32\PSAPI.DLL
0x00007ffaca7c0000 - 0x00007ffaca7c9000 	C:\WINDOWS\SYSTEM32\WSOCK32.dll
0x00007ffac3150000 - 0x00007ffac3177000 	C:\WINDOWS\SYSTEM32\WINMM.dll
0x00007ffacef50000 - 0x00007ffacefbb000 	C:\WINDOWS\System32\WS2_32.dll
0x00007ffacaef0000 - 0x00007ffacaf02000 	C:\WINDOWS\SYSTEM32\kernel.appcore.dll
0x00007ffac8cd0000 - 0x00007ffac8ce0000 	C:\Program Files\jdk-11.0.16.1\bin\verify.dll
0x00007ffac58f0000 - 0x00007ffac5ad4000 	C:\WINDOWS\SYSTEM32\DBGHELP.DLL
0x00007ffaac210000 - 0x00007ffaac23c000 	C:\WINDOWS\SYSTEM32\dbgcore.DLL
0x00007ffacd8f0000 - 0x00007ffacd972000 	C:\WINDOWS\System32\bcryptPrimitives.dll
0x00007ffac3550000 - 0x00007ffac3578000 	C:\Program Files\jdk-11.0.16.1\bin\java.dll
0x00007ffac8250000 - 0x00007ffac825a000 	C:\Program Files\jdk-11.0.16.1\bin\jimage.dll
0x00007ffac63a0000 - 0x00007ffac63ae000 	C:\Program Files\jdk-11.0.16.1\bin\instrument.dll
0x00007ffac3530000 - 0x00007ffac3546000 	C:\Program Files\jdk-11.0.16.1\bin\zip.dll

dbghelp: loaded successfully - version: 4.0.5 - missing functions: none
symbol engine: initialized successfully - sym options: 0x614 - pdb path: .;C:\Program Files\jdk-11.0.16.1\bin;C:\WINDOWS\SYSTEM32;C:\WINDOWS\WinSxS\amd64_microsoft.windows.common-controls_6595b64144ccf1df_6.0.19041.1110_none_60b5254171f9507e;C:\Program Files\jdk-11.0.16.1\bin\server

VM Arguments:
jvm_args: -javaagent:C:\Users\ASUS\IntelliJ IDEA Community Edition 2022.3\lib\idea_rt.jar=58182:C:\Users\ASUS\IntelliJ IDEA Community Edition 2022.3\bin -Dfile.encoding=UTF-8 
java_command: Main
java_class_path (initial): C:\Users\ASUS\IdeaProjects\FirstProject\out\production\FirstProject
Launcher Type: SUN_STANDARD

[Global flags]
     intx CICompilerCount                          = 4                                         {product} {ergonomic}
     uint ConcGCThreads                            = 2                                         {product} {ergonomic}
     uint G1ConcRefinementThreads                  = 8                                         {product} {ergonomic}
   size_t G1HeapRegionSize                         = 1048576                                   {product} {ergonomic}
    uintx GCDrainStackTargetSize                   = 64                                        {product} {ergonomic}
   size_t InitialHeapSize                          = 100663296                                 {product} {ergonomic}
   size_t MarkStackSize                            = 4194304                                   {product} {ergonomic}
   size_t MaxHeapSize                              = 1598029824                                {product} {ergonomic}
   size_t MaxNewSize                               = 958398464                                 {product} {ergonomic}
   size_t MinHeapDeltaBytes                        = 1048576                                   {product} {ergonomic}
    uintx NonNMethodCodeHeapSize                   = 5836300                                {pd product} {ergonomic}
    uintx NonProfiledCodeHeapSize                  = 122910970                              {pd product} {ergonomic}
    uintx ProfiledCodeHeapSize                     = 122910970                              {pd product} {ergonomic}
    uintx ReservedCodeCacheSize                    = 251658240                              {pd product} {ergonomic}
     bool SegmentedCodeCache                       = true                                      {product} {ergonomic}
     bool UseCompressedClassPointers               = true                                 {lp64_product} {ergonomic}
     bool UseCompressedOops                        = true                                 {lp64_product} {ergonomic}
     bool UseG1GC                                  = true                                      {product} {ergonomic}
     bool UseLargePagesIndividualAllocation        = false                                  {pd product} {ergonomic}

Logging:
Log output configuration:
 #0: stdout all=warning uptime,level,tags
 #1: stderr all=off uptime,level,tags

Environment Variables:
PATH=C:\WINDOWS\system32;C:\WINDOWS;C:\WINDOWS\System32\Wbem;C:\WINDOWS\System32\WindowsPowerShell\v1.0\;C:\WINDOWS\System32\OpenSSH\;C:\Program Files\Git\cmd;C:\Program Files\jdk-11.0.16.1\bin;C:\Users\ASUS\AppData\Local\Microsoft\WindowsApps;;C:\Users\ASUS\IntelliJ IDEA Community Edition 2022.3\bin;
USERNAME=ASUS
OS=Windows_NT
PROCESSOR_IDENTIFIER=AMD64 Family 23 Model 24 Stepping 1, AuthenticAMD



---------------  S Y S T E M  ---------------

OS: Windows 10 , 64 bit Build 19041 (10.0.19041.2251)

CPU:total 8 (initial active 8) (8 cores per cpu, 2 threads per core) family 23 model 24 stepping 1 microcode 0x0, cmov, cx8, fxsr, mmx, sse, sse2, sse3, ssse3, sse4.1, sse4.2, popcnt, avx, avx2, aes, clmul, mmxext, 3dnowpref, lzcnt, sse4a, ht, tsc, tscinvbit, tscinv, bmi1, bmi2, adx, s

Memory: 4k page, system-wide physical 6091M (728M free)
TotalPageFile size 8107M (AvailPageFile size 4M)
current process WorkingSet (physical memory assigned to process): 14M, peak: 14M
current process commit charge ("private bytes"): 160M, peak: 161M

vm_info: Java HotSpot(TM) 64-Bit Server VM (11.0.16.1+1-LTS-1) for windows-amd64 JRE (11.0.16.1+1-LTS-1), built on Aug 16 2022 01:46:01 by "mach5one" with MS VC++ 15.9 (VS2017)

END.
